
The following files have been resolved:
   org.eclipse.jetty:jetty-servlet:jar:9.4.18.v20190429:compile
   org.eclipse.jetty:jetty-client:jar:9.4.18.v20190429:compile
   org.eclipse.jetty:jetty-server:jar:9.4.18.v20190429:compile
   org.eclipse.jetty:jetty-io:jar:9.4.18.v20190429:compile
   org.eclipse.jetty.websocket:websocket-common:jar:9.4.18.v20190429:compile
   net.bytebuddy:byte-buddy:jar:1.7.9:compile
   org.eclipse.jetty:jetty-xml:jar:9.4.18.v20190429:compile
   org.eclipse.jetty.websocket:websocket-servlet:jar:9.4.18.v20190429:compile
   org.objenesis:objenesis:jar:2.6:compile
   org.eclipse.jetty.websocket:websocket-client:jar:9.4.18.v20190429:compile
   org.eclipse.jetty:jetty-webapp:jar:9.4.18.v20190429:compile
   org.mockito:mockito-core:jar:2.12.0:compile
   javax.servlet:javax.servlet-api:jar:3.1.0:compile
   postgresql:postgresql:jar:9.0-801.jdbc4:compile
   com.sparkjava:spark-core:jar:2.9.1:compile
   org.slf4j:slf4j-simple:jar:1.7.25:compile
   org.eclipse.jetty:jetty-security:jar:9.4.18.v20190429:compile
   org.slf4j:slf4j-api:jar:1.7.25:compile
   org.eclipse.jetty:jetty-util:jar:9.4.18.v20190429:compile
   org.eclipse.jetty.websocket:websocket-server:jar:9.4.18.v20190429:compile
   junit:junit:jar:4.10:compile
   net.bytebuddy:byte-buddy-agent:jar:1.7.9:compile
   org.eclipse.jetty.websocket:websocket-api:jar:9.4.18.v20190429:compile
   org.hamcrest:hamcrest-core:jar:1.1:compile
   org.eclipse.jetty:jetty-http:jar:9.4.18.v20190429:compile

